\BOOKMARK [0][-]{contents.0}{\376\377\003\240\003\265\003\301\003\271\003\265\003\307\003\314\003\274\003\265\003\275\003\261}{}% 1
\BOOKMARK [0][-]{chapter*.3}{\376\377\003\240\003\265\003\301\003\257\003\273\003\267\003\310\003\267}{}% 2
\BOOKMARK [0][-]{chapter*.4}{\376\377\000A\000b\000s\000t\000r\000a\000c\000t}{}% 3
\BOOKMARK [0][-]{chapter.1}{\376\377\003\225\003\271\003\303\003\261\003\263\003\311\003\263\003\256}{}% 4
\BOOKMARK [1][-]{section.1.1}{\376\377\003\222\003\261\003\303\003\271\003\272\003\277\003\257\000\040\003\237\003\301\003\271\003\303\003\274\003\277\003\257}{chapter.1}% 5
\BOOKMARK [1][-]{section.1.2}{\376\377\003\221\003\275\003\304\003\271\003\272\003\265\003\257\003\274\003\265\003\275\003\277\000\040\003\304\003\267\003\302\000\040\003\224\003\271\003\300\003\273\003\311\003\274\003\261\003\304\003\271\003\272\003\256\003\302\000\040\003\225\003\301\003\263\003\261\003\303\003\257\003\261\003\302}{chapter.1}% 6
\BOOKMARK [1][-]{section.1.3}{\376\377\003\243\003\307\003\265\003\304\003\271\003\272\003\254\000\040\003\225\003\301\003\265\003\305\003\275\003\267\003\304\003\271\003\272\003\254\000\040\003\221\003\300\003\277\003\304\003\265\003\273\003\255\003\303\003\274\003\261\003\304\003\261}{chapter.1}% 7
\BOOKMARK [1][-]{section.1.4}{\376\377\003\224\003\277\003\274\003\256\000\040\003\304\003\267\003\302\000\040\003\224\003\271\003\300\003\273\003\311\003\274\003\261\003\304\003\271\003\272\003\256\003\302\000\040\003\225\003\301\003\263\003\261\003\303\003\257\003\261\003\302}{chapter.1}% 8
\BOOKMARK [0][-]{chapter.2}{\376\377\003\237\003\271\000\040\003\221\003\273\003\263\003\314\003\301\003\271\003\270\003\274\003\277\003\271}{}% 9
\BOOKMARK [1][-]{section.2.1}{\376\377\003\245\003\300\003\277\003\273\003\277\003\263\003\271\003\303\003\274\003\314\003\302\000\040\003\234\003\255\003\263\003\271\003\303\003\304\003\277\003\305\000\040\003\221\003\275\003\265\003\276\003\254\003\301\003\304\003\267\003\304\003\277\003\305\000\040\003\243\003\305\003\275\003\314\003\273\003\277\003\305}{chapter.2}% 10
\BOOKMARK [1][-]{section.2.2}{\376\377\003\245\003\300\003\277\003\273\003\277\003\263\003\271\003\303\003\274\003\314\003\302\000\040\003\225\003\273\003\254\003\307\003\271\003\303\003\304\003\277\003\305\000\040\003\232\003\305\003\301\003\257\003\261\003\301\003\307\003\277\003\305\000\040\003\243\003\305\003\275\003\314\003\273\003\277\003\305}{chapter.2}% 11
\BOOKMARK [1][-]{section.2.3}{\376\377\003\244\003\277\000\040\003\240\003\301\003\314\003\262\003\273\003\267\003\274\003\261\000\040\003\304\003\277\003\305\000\040\0003\000-\003\247\003\301\003\311\003\274\003\261\003\304\003\271\003\303\003\274\003\277\003\315}{chapter.2}% 12
\BOOKMARK [0][-]{chapter.3}{\376\377\003\227\000\040\003\245\003\273\003\277\003\300\003\277\003\257\003\267\003\303\003\267}{}% 13
\BOOKMARK [1][-]{section.3.1}{\376\377\003\237\003\301\003\263\003\254\003\275\003\311\003\303\003\267\000\040\003\232\003\316\003\264\003\271\003\272\003\261}{chapter.3}% 14
\BOOKMARK [1][-]{section.3.2}{\376\377\003\225\003\257\003\303\003\277\003\264\003\277\003\302\000\040\000-\000\040\003\210\003\276\003\277\003\264\003\277\003\302}{chapter.3}% 15
\BOOKMARK [1][-]{section.3.3}{\376\377\003\224\003\277\003\274\003\255\003\302\000\040\003\224\003\265\003\264\003\277\003\274\003\255\003\275\003\311\003\275}{chapter.3}% 16
\BOOKMARK [1][-]{section.3.4}{\376\377\003\245\003\300\003\277\003\273\003\277\003\263\003\271\003\303\003\274\003\314\003\302\000\040\003\225\003\273\003\254\003\307\003\271\003\303\003\304\003\277\003\305\000\040\003\232\003\305\003\301\003\257\003\261\003\301\003\307\003\277\003\305\000\040\003\243\003\305\003\275\003\314\003\273\003\277\003\305}{chapter.3}% 17
\BOOKMARK [2][-]{subsection.3.4.1}{\376\377\000H\000\040\000K\003\273\003\254\003\303\003\267\000\040\000P\000o\000l\000y\000n\000o\000m\000i\000a\000l\000T\000i\000m\000e\000A\000l\000g\000o\000r\000i\000t\000h\000m}{section.3.4}% 18
\BOOKMARK [2][-]{subsection.3.4.2}{\376\377\000H\000\040\000K\003\273\003\254\003\303\003\267\000\040\000G\000r\000a\000p\000h}{section.3.4}% 19
\BOOKMARK [2][-]{subsection.3.4.3}{\376\377\003\232\003\273\003\254\003\303\003\265\003\271\003\302\000\040\000C\000o\000m\000p\000o\000n\000e\000n\000t\000\040\003\272\003\261\003\271\000\040\000I\000n\000t\000e\000r\000v\000a\000l}{section.3.4}% 20
\BOOKMARK [2][-]{subsection.3.4.4}{\376\377\003\240\003\261\003\301\003\261\003\264\003\265\003\257\003\263\003\274\003\261\003\304\003\261\000\040\003\225\003\272\003\304\003\255\003\273\003\265\003\303\003\267\003\302\000\040\003\304\003\277\003\305\000\040\003\240\003\301\003\277\003\263\003\301\003\254\003\274\003\274\003\261\003\304\003\277\003\302}{section.3.4}% 21
\BOOKMARK [1][-]{section.3.5}{\376\377\003\245\003\300\003\277\003\273\003\277\003\263\003\271\003\303\003\274\003\314\003\302\000\040\003\234\003\255\003\263\003\271\003\303\003\304\003\277\003\305\000\040\003\221\003\275\003\265\003\276\003\254\003\301\003\304\003\267\003\304\003\277\003\305\000\040\003\243\003\305\003\275\003\314\003\273\003\277\003\305}{chapter.3}% 22
\BOOKMARK [2][-]{subsection.3.5.1}{\376\377\000H\000\040\000K\003\273\003\254\003\303\003\267\000\040\000P\000o\000l\000y\000n\000o\000m\000i\000a\000l\000T\000i\000m\000e\000A\000l\000g\000o\000r\000i\000t\000h\000m}{section.3.5}% 23
\BOOKMARK [2][-]{subsection.3.5.2}{\376\377\000H\000\040\000K\003\273\003\254\003\303\003\267\000\040\000G\000r\000a\000p\000h}{section.3.5}% 24
\BOOKMARK [2][-]{subsection.3.5.3}{\376\377\003\240\003\261\003\301\003\261\003\264\003\265\003\257\003\263\003\274\003\261\003\304\003\261\000\040\003\225\003\272\003\304\003\255\003\273\003\265\003\303\003\267\003\302\000\040\003\304\003\277\003\305\000\040\003\240\003\301\003\277\003\263\003\301\003\254\003\274\003\274\003\261\003\304\003\277\003\302}{section.3.5}% 25
\BOOKMARK [1][-]{section.3.6}{\376\377\003\244\003\277\000\040\003\240\003\301\003\314\003\262\003\273\003\267\003\274\003\261\000\040\003\304\003\277\003\305\000\040\0003\000-\003\247\003\301\003\311\003\274\003\261\003\304\003\271\003\303\003\274\003\277\003\315}{chapter.3}% 26
\BOOKMARK [2][-]{subsection.3.6.1}{\376\377\000H\000\040\000K\003\273\003\254\003\303\003\267\000\040\000P\000o\000l\000y\000n\000o\000m\000i\000a\000l\000T\000i\000m\000e\000A\000l\000g\000o\000r\000i\000t\000h\000m}{section.3.6}% 27
